  Component.cpp
  EarthModel.cpp
  FileReader.cpp
  Identifier.cpp
  LatLon.cpp
  List.cpp
  Locus.cpp
  Matrix.cpp
  MetaObject.cpp
  MonitorMetrics.cpp
  Object.cpp
  Pair.cpp
  PairStream.cpp
  SlotTable.cpp
  Stack.cpp
  StateMachine.cpp
  Statistic.cpp
  String.cpp
  Timers.cpp
  Transforms.cpp
  Generating Code...
  Compiling...
  Vectors.cpp
  Cie.cpp
  Cmy.cpp
  Color.cpp
  Hls.cpp
  Hsv.cpp
  Hsva.cpp
  Rgb.cpp
  Rgba.cpp
  Yiq.cpp
  AbstractIoData.cpp
  AbstractIoDevice.cpp
  AbstractIoHandler.cpp
  EdlParser.cpp
  EdlScanner.cpp
C:\Users\Ryan\Documents\Gitlab_VDL\mixr-platform\mixr\build\vs2022\EdlScanner.cpp(2712,22): warning C4244: 'return': conversion from 'std::streamsize' to 'int', possible loss of data
  (compiling source file '../../src/base/edl_parser/EdlScanner.cpp')
  
  factory.cpp
  FStorage.cpp
  Func1.cpp
  Func2.cpp
  Func3.cpp
  Generating Code...
  Compiling...
  Func4.cpp
  Func5.cpp
  Function.cpp
  Polynomial.cpp
  Table.cpp
  Table1.cpp
  Table2.cpp
  Table3.cpp
  Table4.cpp
  Table5.cpp
  TableStorage.cpp
  NetHandler.cpp
  PosixHandler.cpp
  TcpClient.cpp
  TcpHandler.cpp
  TcpServerMultiple.cpp
  TcpServerSingle.cpp
  UdpBroadcastHandler.cpp
  UdpMulticastHandler.cpp
  UdpUnicastHandler.cpp
  Generating Code...
  Compiling...
  Boolean.cpp
  Complex.cpp
  Float.cpp
  Integer.cpp
  Number.cpp
  Operators.cpp
  MatrixDecomposition.cpp
  Matrixd.cpp
  Matrixf.cpp
  Quat.cpp
  math.cpp
  AbstractThread.cpp
  OneShotThread.cpp
  PeriodicThread.cpp
  SyncThread.cpp
  AbstractThread_msvc.cpp
  PeriodicThread_msvc.cpp
  SyncThread_msvc.cpp
  AbstractAction.cpp
  AbstractBehavior.cpp
  Generating Code...
  Compiling...
  AbstractState.cpp
  Agent.cpp
  Arbiter.cpp
  Angles.cpp
  AngularVelocity.cpp
  Areas.cpp
  Decibel.cpp
  Density.cpp
  Distances.cpp
  Energies.cpp
  FlowRate.cpp
  Forces.cpp
  Frequencies.cpp
  LinearVelocity.cpp
  Masses.cpp
  Powers.cpp
  Times.cpp
  Volumes.cpp
  lfi.cpp
  math_utils.cpp
  Generating Code...
  Compiling...
  navDR_utils.cpp
  nav_utils.cpp
  osg_utils.cpp
  system_msvc.cpp
  str_utils.cpp
  system_utils.cpp
  Generating Code...
  base.vcxproj -> C:\Users\Ryan\Documents\Gitlab_VDL\mixr-platform\mixr\lib\mixr_base_d.lib
