  BmpTexture.cpp
  Clip3D.cpp
  ColorGradient.cpp
  ColorRotary.cpp
  Display.cpp
  Graphic.cpp
  Image.cpp
  MapPage.cpp
  Material.cpp
  MfdPage.cpp
  Page.cpp
  Polygon.cpp
  Rotators.cpp
  Scanline.cpp
  Shapes.cpp
  SymbolLoader.cpp
  Texture.cpp
  Translator.cpp
  factory.cpp
  AbstractFont.cpp
  Generating Code...
  Compiling...
  AbstractFtglFont.cpp
  BitmapFont.cpp
  FtglBitmapFont.cpp
  FtglExtrdFont.cpp
  FtglHaloFont.cpp
  FtglOutlineFont.cpp
  FtglPixmapFont.cpp
  FtglPolygonFont.cpp
  FtglTextureFont.cpp
  StrokeFont.cpp
  AbstractField.cpp
  AsciiText.cpp
  Cursor.cpp
  DirectionReadout.cpp
  HexReadout.cpp
  LatitudeReadout.cpp
  LongitudeReadout.cpp
  NumericReadout.cpp
  OctalReadout.cpp
  ReformatScanner.cpp
C:\Users\Ryan\Documents\Gitlab_VDL\mixr-platform\mixr\build\vs2022\ReformatScanner.cpp(2215,22): warning C4244: 'return': conversion from 'std::streamsize' to 'int', possible loss of data
  (compiling source file '../../src/graphics/readouts/ReformatScanner.cpp')
  
  Generating Code...
  Compiling...
  Rotary.cpp
  Rotary2.cpp
  TimeReadout.cpp
  Generating Code...
  graphics.vcxproj -> C:\Users\Ryan\Documents\Gitlab_VDL\mixr-platform\mixr\lib\mixr_graphics_d.lib
