  Actions.cpp
  AircraftIrSignature.cpp
  Designator.cpp
  Emission.cpp
  Image.cpp
  IrQueryMsg.cpp
  IrShapes.cpp
  IrSignature.cpp
  Message.cpp
  MultiActorAgent.cpp
  SensorMsg.cpp
  Signatures.cpp
  SimAgent.cpp
  SynchronizedState.cpp
  TargetData.cpp
  Tdb.cpp
  Track.cpp
  WorldModel.cpp
  AerodynamicsModel.cpp
  DynamicsModel.cpp
  Generating Code...
  Compiling...
  JSBSimModel.cpp
  LaeroModel.cpp
  RacModel.cpp
  SpaceDynamicsModel.cpp
  AbstractAtmosphere.cpp
  IrAtmosphere.cpp
  IrAtmosphere1.cpp
  factory.cpp
  Bullseye.cpp
  Gps.cpp
  Ins.cpp
  Navigation.cpp
  Route.cpp
  Steerpoint.cpp
  Building.cpp
  LifeForm.cpp
  Player.cpp
  Ship.cpp
  AirVehicle.cpp
  Aircraft.cpp
  Generating Code...
  Compiling...
  Helicopter.cpp
  UnmannedAirVehicle.cpp
  Chaff.cpp
  Decoy.cpp
  Effect.cpp
  Flare.cpp
  ArmoredVehicle.cpp
  Artillery.cpp
  GroundStation.cpp
  GroundStationRadar.cpp
  GroundStationUav.cpp
  GroundVehicle.cpp
  SamVehicle.cpp
  Tank.cpp
  WheeledVehicle.cpp
  BoosterSpaceVehicle.cpp
  MannedSpaceVehicle.cpp
  SpaceVehicle.cpp
  UnmannedSpaceVehicle.cpp
  Aam.cpp
  Generating Code...
  Compiling...
  AbstractWeapon.cpp
  Agm.cpp
  Bomb.cpp
  Bullet.cpp
  Missile.cpp
  Sam.cpp
  Gmti.cpp
  Stt.cpp
  Tws.cpp
  Antenna.cpp
  Autopilot.cpp
  AvionicsPod.cpp
  CollisionDetect.cpp
  CommRadio.cpp
  Datalink.cpp
  ExternalStore.cpp
  FuelTank.cpp
  Gimbal.cpp
  Guns.cpp
  Iff.cpp
  Generating Code...
  Compiling...
  IrSeeker.cpp
  IrSensor.cpp
  IrSystem.cpp
  Jammer.cpp
  MergingIrSensor.cpp
  OnboardComputer.cpp
  Pilot.cpp
  Radar.cpp
  Radio.cpp
  RfSensor.cpp
  RfSystem.cpp
  Rwr.cpp
  Sar.cpp
  ScanGimbal.cpp
  SensorMgr.cpp
  SimpleStoresMgr.cpp
  StabilizingGimbal.cpp
  Stores.cpp
  StoresMgr.cpp
  System.cpp
  Generating Code...
  Compiling...
  AirAngleOnlyTrkMgr.cpp
  AirAngleOnlyTrkMgrPT.cpp
  AirTrkMgr.cpp
  AngleOnlyTrackManager.cpp
  GmtiTrkMgr.cpp
  RwrTrkMgr.cpp
  TrackManager.cpp
  Generating Code...
  models.vcxproj -> C:\Users\Ryan\Documents\Gitlab_VDL\mixr-platform\mixr\lib\mixr_models_d.lib
